[    0.000000] Initializing cgroup subsys cpuset
[    0.000000] Initializing cgroup subsys cpu
[    0.000000] Initializing cgroup subsys cpuacct
[    0.000000] Linux version 4.4.0-210-generic (buildd@lgw01-amd64-009) (gcc version 5.4.0 20160609 (Ubuntu 5.4.0-6ubuntu1~16.04.12) ) #242-Ubuntu SMP Fri Apr 16 09:57:56 UTC 2021 (Ubuntu 4.4.0-210.242-generic 4.4.262)
[    0.000000] Command line: BOOT_IMAGE=/boot/vmlinuz-4.4.0-210-generic root=LABEL=cloudimg-rootfs ro console=tty1 console=ttyS0
[    0.000000] KERNEL supported cpus:
[    0.000000]   Intel GenuineIntel
[    0.000000]   AMD AuthenticAMD
[    0.000000]   Centaur CentaurHauls
[    0.000000] x86/fpu: xstate_offset[2]:  576, xstate_sizes[2]:  256
[    0.000000] x86/fpu: Supporting XSAVE feature 0x01: 'x87 floating point registers'
[    0.000000] x86/fpu: Supporting XSAVE feature 0x02: 'SSE registers'
[    0.000000] x86/fpu: Supporting XSAVE feature 0x04: 'AVX registers'
[    0.000000] x86/fpu: Enabled xstate features 0x7, context size is 832 bytes, using 'standard' format.
[    0.000000] e820: BIOS-provided physical RAM map:
[    0.000000] BIOS-e820: [mem 0x0000000000000000-0x000000000009fbff] usable
[    0.000000] BIOS-e820: [mem 0x000000000009fc00-0x000000000009ffff] reserved
[    0.000000] BIOS-e820: [mem 0x00000000000f0000-0x00000000000fffff] reserved
[    0.000000] BIOS-e820: [mem 0x0000000000100000-0x000000003ffeffff] usable
[    0.000000] BIOS-e820: [mem 0x000000003fff0000-0x000000003fffffff] ACPI data
[    0.000000] BIOS-e820: [mem 0x00000000fec00000-0x00000000fec00fff] reserved
[    0.000000] BIOS-e820: [mem 0x00000000fee00000-0x00000000fee00fff] reserved
[    0.000000] BIOS-e820: [mem 0x00000000fffc0000-0x00000000ffffffff] reserved
[    0.000000] NX (Execute Disable) protection: active
[    0.000000] SMBIOS 2.5 present.
[    0.000000] Hypervisor detected: KVM
[    0.000000] e820: last_pfn = 0x3fff0 max_arch_pfn = 0x400000000
[    0.000000] MTRR: Disabled
[    0.000000] x86/PAT: MTRRs disabled, skipping PAT initialization too.
[    0.000000] CPU MTRRs all blank - virtualized system.
[    0.000000] x86/PAT: Configuration [0-7]: WB  WT  UC- UC  WB  WT  UC- UC  
[    0.000000] found SMP MP-table at [mem 0x0009fff0-0x0009ffff] mapped at [ffff88000009fff0]
[    0.000000] Scanning 1 areas for low memory corruption
[    0.000000] RAMDISK: [mem 0x362dc000-0x37165fff]
[    0.000000] ACPI: Early table checksum verification disabled
[    0.000000] ACPI: RSDP 0x00000000000E0000 000024 (v02 VBOX  )
[    0.000000] ACPI: XSDT 0x000000003FFF0030 00003C (v01 VBOX   VBOXXSDT 00000001 ASL  00000061)
[    0.000000] ACPI: FACP 0x000000003FFF00F0 0000F4 (v04 VBOX   VBOXFACP 00000001 ASL  00000061)
[    0.000000] ACPI: DSDT 0x000000003FFF0610 002353 (v02 VBOX   VBOXBIOS 00000002 INTL 20200528)
[    0.000000] ACPI: FACS 0x000000003FFF0200 000040
[    0.000000] ACPI: FACS 0x000000003FFF0200 000040
[    0.000000] ACPI: APIC 0x000000003FFF0240 00005C (v02 VBOX   VBOXAPIC 00000001 ASL  00000061)
[    0.000000] ACPI: SSDT 0x000000003FFF02A0 00036C (v01 VBOX   VBOXCPUT 00000002 INTL 20200528)
[    0.000000] No NUMA configuration found
[    0.000000] Faking a node at [mem 0x0000000000000000-0x000000003ffeffff]
[    0.000000] NODE_DATA(0) allocated [mem 0x3ffeb000-0x3ffeffff]
[    0.000000] kvm-clock: Using msrs 4b564d01 and 4b564d00
[    0.000000] kvm-clock: cpu 0, msr 0:3ffe3001, primary cpu clock
[    0.000000] kvm-clock: using sched offset of 3276996826 cycles
[    0.000000] clocksource: kvm-clock: mask: 0xffffffffffffffff max_cycles: 0x1cd42e4dffb, max_idle_ns: 881590591483 ns
[    0.000000] Zone ranges:
[    0.000000]   DMA      [mem 0x0000000000001000-0x0000000000ffffff]
[    0.000000]   DMA32    [mem 0x0000000001000000-0x000000003ffeffff]
[    0.000000]   Normal   empty
[    0.000000]   Device   empty
[    0.000000] Movable zone start for each node
[    0.000000] Early memory node ranges
[    0.000000]   node   0: [mem 0x0000000000001000-0x000000000009efff]
[    0.000000]   node   0: [mem 0x0000000000100000-0x000000003ffeffff]
[    0.000000] Initmem setup node 0 [mem 0x0000000000001000-0x000000003ffeffff]
[    0.000000] ACPI: PM-Timer IO Port: 0x4008
[    0.000000] IOAPIC[0]: apic_id 2, version 32, address 0xfec00000, GSI 0-23
[    0.000000] ACPI: INT_SRC_OVR (bus 0 bus_irq 0 global_irq 2 dfl dfl)
[    0.000000] ACPI: INT_SRC_OVR (bus 0 bus_irq 9 global_irq 9 low level)
[    0.000000] Using ACPI (MADT) for SMP configuration information
[    0.000000] smpboot: Allowing 2 CPUs, 0 hotplug CPUs
[    0.000000] PM: Registered nosave memory: [mem 0x00000000-0x00000fff]
[    0.000000] PM: Registered nosave memory: [mem 0x0009f000-0x0009ffff]
[    0.000000] PM: Registered nosave memory: [mem 0x000a0000-0x000effff]
[    0.000000] PM: Registered nosave memory: [mem 0x000f0000-0x000fffff]
[    0.000000] e820: [mem 0x40000000-0xfebfffff] available for PCI devices
[    0.000000] Booting paravirtualized kernel on KVM
[    0.000000] clocksource: refined-jiffies: mask: 0xffffffff max_cycles: 0xffffffff, max_idle_ns: 7645519600211568 ns
[    0.000000] setup_percpu: NR_CPUS:512 nr_cpumask_bits:512 nr_cpu_ids:2 nr_node_ids:1
[    0.000000] PERCPU: Embedded 33 pages/cpu @ffff88003fc00000 s95192 r8192 d31784 u1048576
[    0.000000] Built 1 zonelists in Node order, mobility grouping on.  Total pages: 257912
[    0.000000] Policy zone: DMA32
[    0.000000] Kernel command line: BOOT_IMAGE=/boot/vmlinuz-4.4.0-210-generic root=LABEL=cloudimg-rootfs ro console=tty1 console=ttyS0
[    0.000000] PID hash table entries: 4096 (order: 3, 32768 bytes)
[    0.000000] Memory: 997792K/1048120K available (8644K kernel code, 1332K rwdata, 4044K rodata, 1492K init, 1164K bss, 50328K reserved, 0K cma-reserved)
[    0.000000] SLUB: HWalign=64, Order=0-3, MinObjects=0, CPUs=2, Nodes=1
[    0.000000] Kernel/User page tables isolation: enabled
[    0.000000] Hierarchical RCU implementation.
[    0.000000] 	Build-time adjustment of leaf fanout to 64.
[    0.000000] 	RCU restricting CPUs from NR_CPUS=512 to nr_cpu_ids=2.
[    0.000000] RCU: Adjusting geometry for rcu_fanout_leaf=64, nr_cpu_ids=2
[    0.000000] NR_IRQS:33024 nr_irqs:440 16
[    0.000000] Console: colour VGA+ 80x25
[    0.000000] console [tty1] enabled
[    0.000000] console [ttyS0] enabled
[    0.000000] tsc: Detected 2195.004 MHz processor
[    0.397326] Calibrating delay loop (skipped) preset value.. 4390.00 BogoMIPS (lpj=8780016)
[    0.403220] pid_max: default: 32768 minimum: 301
[    0.406155] ACPI: Core revision 20150930
[    0.409594] ACPI: 2 ACPI AML tables successfully acquired and loaded
[    0.414489] Security Framework initialized
[    0.417062] Yama: becoming mindful.
[    0.419660] AppArmor: AppArmor initialized
[    0.422361] Dentry cache hash table entries: 131072 (order: 8, 1048576 bytes)
[    0.427833] Inode-cache hash table entries: 65536 (order: 7, 524288 bytes)
[    0.432649] Mount-cache hash table entries: 2048 (order: 2, 16384 bytes)
[    0.437817] Mountpoint-cache hash table entries: 2048 (order: 2, 16384 bytes)
[    0.442528] Initializing cgroup subsys io
[    0.445049] Initializing cgroup subsys memory
[    0.448162] Initializing cgroup subsys devices
[    0.450966] Initializing cgroup subsys freezer
[    0.453685] Initializing cgroup subsys net_cls
[    0.457464] Initializing cgroup subsys perf_event
[    0.460800] Initializing cgroup subsys net_prio
[    0.463731] Initializing cgroup subsys hugetlb
[    0.466453] Initializing cgroup subsys pids
[    0.492573] mce: CPU supports 0 MCE banks
[    0.497961] Last level iTLB entries: 4KB 64, 2MB 8, 4MB 8
[    0.501316] Last level dTLB entries: 4KB 64, 2MB 0, 4MB 0, 1GB 4
[    0.504980] Spectre V1 : Mitigation: usercopy/swapgs barriers and __user pointer sanitization
[    0.510083] Spectre V2 : Mitigation: Full generic retpoline
[    0.513518] Spectre V2 : Spectre v2 / SpectreRSB mitigation: Filling RSB on context switch
[    0.518635] Speculative Store Bypass: Vulnerable
[    0.521557] SRBDS: Unknown: Dependent on hypervisor status
[    0.525560] MDS: Mitigation: Clear CPU buffers
[    0.559911] Freeing SMP alternatives memory: 36K
[    0.627128] ftrace: allocating 32380 entries in 127 pages
[    1.116527] smpboot: APIC(0) Converting physical 0 to logical package 0
[    1.121281] smpboot: Max logical packages: 1
[    1.126228] x2apic enabled
[    1.129535] Switched APIC routing to physical x2apic.
[    1.140055] ..TIMER: vector=0x30 apic1=0 pin1=2 apic2=-1 pin2=-1
[    1.251819] APIC calibration not consistent with PM-Timer: 101ms instead of 100ms
[    1.256317] APIC delta adjusted to PM-Timer: 6293739 (6375463)
[    1.260439] smpboot: CPU0: Intel(R) Core(TM) i7-8750H CPU @ 2.20GHz (family: 0x6, model: 0x9e, stepping: 0xa)
[    1.267208] Performance Events: unsupported p6 CPU model 158 no PMU driver, software events only.
[    1.344142] KVM setup paravirtual spinlock
[    1.347978] x86: Booting SMP configuration:
[    1.350660] .... node  #0, CPUs:      #1
[    1.354350] kvm-clock: cpu 1, msr 0:3ffe3041, secondary cpu clock
[    1.371190] mce: CPU supports 0 MCE banks
[    1.375451] x86: Booted up 1 node, 2 CPUs
[    1.378583] smpboot: Total of 2 processors activated (8780.01 BogoMIPS)
[    1.384600] devtmpfs: initialized
[    1.388281] evm: security.selinux
[    1.390340] evm: security.SMACK64
[    1.392457] evm: security.SMACK64EXEC
[    1.394795] evm: security.SMACK64TRANSMUTE
[    1.397294] evm: security.SMACK64MMAP
[    1.399570] evm: security.ima
[    1.401477] evm: security.capability
[    1.404140] clocksource: jiffies: mask: 0xffffffff max_cycles: 0xffffffff, max_idle_ns: 7645041785100000 ns
[    1.410034] futex hash table entries: 512 (order: 3, 32768 bytes)
[    1.414393] pinctrl core: initialized pinctrl subsystem
[    1.417901] RTC time: 22:38:01, date: 04/27/23
[    1.421019] NET: Registered protocol family 16
[    1.433266] cpuidle: using governor ladder
[    1.451292] cpuidle: using governor menu
[    1.454899] PCCT header not found.
[    1.457296] ACPI: bus type PCI registered
[    1.459919] acpiphp: ACPI Hot Plug PCI Controller Driver version: 0.5
[    1.464157] PCI: Using configuration type 1 for base access
[    1.480463] ACPI: Added _OSI(Module Device)
[    1.483344] ACPI: Added _OSI(Processor Device)
[    1.486244] ACPI: Added _OSI(3.0 _SCP Extensions)
[    1.489218] ACPI: Added _OSI(Processor Aggregator Device)
[    1.493398] ACPI: Executed 1 blocks of module-level executable AML code
[    1.500194] ACPI: Interpreter enabled
[    1.502742] ACPI: (supports S0 S5)
[    1.504957] ACPI: Using IOAPIC for interrupt routing
[    1.508207] PCI: Using host bridge windows from ACPI; if necessary, use "pci=nocrs" and report a bug
[    1.520556] ACPI: PCI Root Bridge [PCI0] (domain 0000 [bus 00-ff])
[    1.524168] acpi PNP0A03:00: _OSC: OS supports [ASPM ClockPM Segments MSI]
[    1.528709] acpi PNP0A03:00: _OSC: not requesting OS control; OS requires [ExtendedConfig ASPM ClockPM MSI]
[    1.534337] acpi PNP0A03:00: fail to add MMCONFIG information, can't access extended PCI configuration space under this bridge.
[    1.541425] PCI host bridge to bus 0000:00
[    1.543902] pci_bus 0000:00: root bus resource [io  0x0000-0x0cf7 window]
[    1.548302] pci_bus 0000:00: root bus resource [io  0x0d00-0xffff window]
[    1.552225] pci_bus 0000:00: root bus resource [mem 0x000a0000-0x000bffff window]
[    1.556668] pci_bus 0000:00: root bus resource [mem 0x40000000-0xfdffffff window]
[    1.561111] pci_bus 0000:00: root bus resource [bus 00-ff]
[    1.580479] pci 0000:00:01.1: legacy IDE quirk: reg 0x10: [io  0x01f0-0x01f7]
[    1.585031] pci 0000:00:01.1: legacy IDE quirk: reg 0x14: [io  0x03f6]
[    1.588847] pci 0000:00:01.1: legacy IDE quirk: reg 0x18: [io  0x0170-0x0177]
[    1.592972] pci 0000:00:01.1: legacy IDE quirk: reg 0x1c: [io  0x0376]
[    1.638620] pci 0000:00:07.0: quirk: [io  0x4000-0x403f] claimed by PIIX4 ACPI
[    1.642980] pci 0000:00:07.0: quirk: [io  0x4100-0x410f] claimed by PIIX4 SMB
[    1.658739] ACPI: PCI Interrupt Link [LNKA] (IRQs 5 9 10 *11)
[    1.664421] ACPI: PCI Interrupt Link [LNKB] (IRQs 5 9 *10 11)
[    1.669564] ACPI: PCI Interrupt Link [LNKC] (IRQs 5 *9 10 11)
[    1.674630] ACPI: PCI Interrupt Link [LNKD] (IRQs 5 9 10 *11)
[    1.679678] ACPI: Enabled 2 GPEs in block 00 to 07
[    1.683380] vgaarb: setting as boot device: PCI:0000:00:02.0
[    1.686916] vgaarb: device added: PCI:0000:00:02.0,decodes=io+mem,owns=io+mem,locks=none
[    1.691680] vgaarb: loaded
[    1.693482] vgaarb: bridge control possible 0000:00:02.0
[    1.697283] SCSI subsystem initialized
[    1.699920] ACPI: bus type USB registered
[    1.702608] usbcore: registered new interface driver usbfs
[    1.705892] usbcore: registered new interface driver hub
[    1.709068] usbcore: registered new device driver usb
[    1.712765] PCI: Using ACPI for IRQ routing
[    1.716132] NetLabel: Initializing
[    1.718277] NetLabel:  domain hash size = 128
[    1.720900] NetLabel:  protocols = UNLABELED CIPSOv4
[    1.723894] NetLabel:  unlabeled traffic allowed by default
[    1.727423] amd_nb: Cannot enumerate AMD northbridges
[    1.730836] clocksource: Switched to clocksource kvm-clock
[    1.746174] AppArmor: AppArmor Filesystem Enabled
[    1.750233] pnp: PnP ACPI init
[    1.753923] pnp: PnP ACPI: found 3 devices
[    1.772812] clocksource: acpi_pm: mask: 0xffffff max_cycles: 0xffffff, max_idle_ns: 2085701024 ns
[    1.778059] NET: Registered protocol family 2
[    1.781563] TCP established hash table entries: 8192 (order: 4, 65536 bytes)
[    1.785729] TCP bind hash table entries: 8192 (order: 5, 131072 bytes)
[    1.789691] TCP: Hash tables configured (established 8192 bind 8192)
[    1.793564] UDP hash table entries: 512 (order: 2, 16384 bytes)
[    1.797050] UDP-Lite hash table entries: 512 (order: 2, 16384 bytes)
[    1.801275] NET: Registered protocol family 1
[    1.803978] pci 0000:00:00.0: Limiting direct PCI/PCI transfers
[    1.807958] pci 0000:00:01.0: Activating ISA DMA hang workarounds
[    1.811911] Unpacking initramfs...
[    2.046558] Freeing initrd memory: 14888K
[    2.049816] clocksource: tsc: mask: 0xffffffffffffffff max_cycles: 0x1fa3c3256f7, max_idle_ns: 440795219639 ns
[    2.055908] platform rtc_cmos: registered platform RTC device (no PNP device found)
[    2.060697] Scanning for low memory corruption every 60 seconds
[    2.065234] audit: initializing netlink subsys (disabled)
[    2.068557] audit: type=2000 audit(1682635086.455:1): initialized
[    2.072375] Initialise system trusted keyring
[    2.075461] HugeTLB registered 2 MB page size, pre-allocated 0 pages
[    2.080626] zbud: loaded
[    2.082708] VFS: Disk quotas dquot_6.6.0
[    2.085197] VFS: Dquot-cache hash table entries: 512 (order 0, 4096 bytes)
[    2.089764] squashfs: version 4.0 (2009/01/31) Phillip Lougher
[    2.093788] fuse init (API version 7.23)
[    2.096517] Key type big_key registered
[    2.098989] Allocating IMA MOK and blacklist keyrings.
[    2.105756] Key type asymmetric registered
[    2.108300] Asymmetric key parser 'x509' registered
[    2.111226] Block layer SCSI generic (bsg) driver version 0.4 loaded (major 249)
[    2.116205] io scheduler noop registered
[    2.118602] io scheduler deadline registered (default)
[    2.121794] io scheduler cfq registered
[    2.124295] pci_hotplug: PCI Hot Plug PCI Core version: 0.5
[    2.127699] pciehp: PCI Express Hot Plug Controller Driver version: 0.4
[    2.132056] ACPI: AC Adapter [AC] (on-line)
[    2.135061] input: Power Button as /devices/LNXSYSTM:00/LNXPWRBN:00/input/input0
[    2.139432] ACPI: Power Button [PWRF]
[    2.141757] input: Sleep Button as /devices/LNXSYSTM:00/LNXSLPBN:00/input/input1
[    2.146218] ACPI: Sleep Button [SLPF]
[    2.149158] GHES: HEST is not enabled!
[    2.150863] ACPI: Battery Slot [BAT0] (battery present)
[    2.155442] Serial: 8250/16550 driver, 32 ports, IRQ sharing enabled
[    2.184906] 00:02: ttyS0 at I/O 0x3f8 (irq = 4, base_baud = 115200) is a 16550A
[    2.194400] Linux agpgart interface v0.103
[    2.200983] loop: module loaded
[    2.204145] scsi host0: ata_piix
[    2.206390] scsi host1: ata_piix
[    2.208543] ata1: PATA max UDMA/33 cmd 0x1f0 ctl 0x3f6 bmdma 0xd000 irq 14
[    2.212580] ata2: PATA max UDMA/33 cmd 0x170 ctl 0x376 bmdma 0xd008 irq 15
[    2.217166] libphy: Fixed MDIO Bus: probed
[    2.220634] tun: Universal TUN/TAP device driver, 1.6
[    2.223798] tun: (C) 1999-2004 Max Krasnyansky <maxk@qualcomm.com>
[    2.227743] PPP generic driver version 2.4.2
[    2.231039] ehci_hcd: USB 2.0 'Enhanced' Host Controller (EHCI) Driver
[    2.234935] ehci-pci: EHCI PCI platform driver
[    2.237675] ehci-platform: EHCI generic platform driver
[    2.240852] ohci_hcd: USB 1.1 'Open' Host Controller (OHCI) Driver
[    2.244512] ohci-pci: OHCI PCI platform driver
[    2.247262] ohci-platform: OHCI generic platform driver
[    2.250767] uhci_hcd: USB Universal Host Controller Interface driver
[    2.254589] i8042: PNP: PS/2 Controller [PNP0303:PS2K,PNP0f03:PS2M] at 0x60,0x64 irq 1,12
[    2.261494] serio: i8042 KBD port at 0x60,0x64 irq 1
[    2.264511] serio: i8042 AUX port at 0x60,0x64 irq 12
[    2.267904] mousedev: PS/2 mouse device common for all mice
[    2.272202] input: AT Translated Set 2 keyboard as /devices/platform/i8042/serio0/input/input2
[    2.279278] rtc_cmos rtc_cmos: rtc core: registered rtc_cmos as rtc0
[    2.283410] rtc_cmos rtc_cmos: alarms up to one day, 114 bytes nvram
[    2.287129] i2c /dev entries driver
[    2.289327] device-mapper: uevent: version 1.0.3
[    2.292468] device-mapper: ioctl: 4.34.0-ioctl (2015-10-28) initialised: dm-devel@redhat.com
[    2.297651] ledtrig-cpu: registered to indicate activity on CPUs
[    2.302014] NET: Registered protocol family 10
[    2.305246] NET: Registered protocol family 17
[    2.308126] Key type dns_resolver registered
[    2.311846] registered taskstats version 1
[    2.314335] Loading compiled-in X.509 certificates
[    2.317857] Loaded X.509 cert 'Build time autogenerated kernel key: cf00e047681d67edb2720680708b7d9498083038'
[    2.324504] zswap: loaded using pool lzo/zbud
[    2.330423] Key type trusted registered
[    2.337837] Key type encrypted registered
[    2.340412] AppArmor: AppArmor sha1 policy hashing enabled
[    2.344486] ima: No TPM chip found, activating TPM-bypass!
[    2.348515] ima: Allocated hash algorithm: sha1
[    2.352165] evm: HMAC attrs: 0x1
[    2.355600]   Magic number: 3:932:654
[    2.358440] rtc_cmos rtc_cmos: setting system clock to 2023-04-27 22:38:02 UTC (1682635082)
[    2.364135] BIOS EDD facility v0.16 2004-Jun-25, 0 devices found
[    2.368261] EDD information not available.
[    2.421729] Freeing unused kernel memory: 1492K
[    2.424744] Write protecting the kernel read-only data: 14336k
[    2.428635] Freeing unused kernel memory: 1584K
[    2.431526] Freeing unused kernel memory: 52K
Loading, please wait...
starting version 229
[    2.449803] random: systemd-udevd: uninitialized urandom read (16 bytes read, 5 bits of entropy available)
[    2.450649] random: udevadm: uninitialized urandom read (16 bytes read, 5 bits of entropy available)
[    2.450679] random: udevadm: uninitialized urandom read (16 bytes read, 5 bits of entropy available)
[    2.465811] random: udevadm: uninitialized urandom read (16 bytes read, 5 bits of entropy available)
[    2.465871] random: udevadm: uninitialized urandom read (16 bytes read, 5 bits of entropy available)
[    2.466124] random: udevadm: uninitialized urandom read (16 bytes read, 5 bits of entropy available)
[    2.466225] random: udevadm: uninitialized urandom read (16 bytes read, 5 bits of entropy available)
[    2.466342] random: udevadm: uninitialized urandom read (16 bytes read, 5 bits of entropy available)
[    2.466454] random: udevadm: uninitialized urandom read (16 bytes read, 5 bits of entropy available)
[    2.466548] random: udevadm: uninitialized urandom read (16 bytes read, 5 bits of entropy available)
[    2.558748] e1000: Intel(R) PRO/1000 Network Driver - version 7.3.21-k8-NAPI
[    2.564711] e1000: Copyright (c) 1999-2006 Intel Corporation.
[    2.574136] Fusion MPT base driver 3.04.20
[    2.578329] Copyright (c) 1999-2008 LSI Corporation
[    2.603926] Fusion MPT SPI Host driver 3.04.20
[    2.621389] AVX2 version of gcm_enc/dec engaged.
[    2.624716] AES CTR mode by8 optimization enabled
[    2.851497] input: ImExPS/2 Generic Explorer Mouse as /devices/platform/i8042/serio1/input/input4
[    3.079570] e1000 0000:00:03.0 eth0: (PCI:33MHz:32-bit) 02:be:82:6b:cc:1d
[    3.083897] e1000 0000:00:03.0 eth0: Intel(R) PRO/1000 Network Connection
[    3.089288] mptbase: ioc0: Initiating bringup
[    3.166842] ioc0: LSI53C1030 A0: Capabilities={Initiator}
[    3.338072] scsi host2: ioc0: LSI53C1030 A0, FwRev=00000000h, Ports=1, MaxQ=256, IRQ=20
[    3.456150] scsi 2:0:0:0: Direct-Access     VBOX     HARDDISK         1.0  PQ: 0 ANSI: 5
[    3.464270] scsi target2:0:0: Beginning Domain Validation
[    3.470890] scsi target2:0:0: Domain Validation skipping write tests
[    3.475945] scsi target2:0:0: Ending Domain Validation
[    3.479803] scsi target2:0:0: asynchronous
[    3.493699] scsi 2:0:1:0: Direct-Access     VBOX     HARDDISK         1.0  PQ: 0 ANSI: 5
[    3.499477] scsi target2:0:1: Beginning Domain Validation
[    3.510132] scsi target2:0:1: Domain Validation skipping write tests
[    3.514731] scsi target2:0:1: Ending Domain Validation
[    3.518640] scsi target2:0:1: asynchronous
[    3.548560] sd 2:0:0:0: Attached scsi generic sg0 type 0
[    3.552036] sd 2:0:0:0: [sda] 83886080 512-byte logical blocks: (42.9 GB/40.0 GiB)
[    3.557980] sd 2:0:1:0: Attached scsi generic sg1 type 0
[    3.562228] sd 2:0:0:0: [sda] Write Protect is off
[    3.565801] sd 2:0:0:0: [sda] Incomplete mode parameter data
[    3.569587] sd 2:0:0:0: [sda] Assuming drive cache: write through
[    3.570268] sd 2:0:1:0: [sdb] 20480 512-byte logical blocks: (10.5 MB/10.0 MiB)
[    3.579665] sd 2:0:1:0: [sdb] Write Protect is off
[    3.583555] sd 2:0:1:0: [sdb] Incomplete mode parameter data
[    3.587532] sd 2:0:1:0: [sdb] Assuming drive cache: write through
[    3.593616]  sda: sda1
[    3.599007] sd 2:0:1:0: [sdb] Attached SCSI disk
[    3.602877] sd 2:0:0:0: [sda] Attached SCSI disk
[    3.928484] e1000 0000:00:08.0 eth1: (PCI:33MHz:32-bit) 08:00:27:17:b9:97
[    3.932867] e1000 0000:00:08.0 eth1: Intel(R) PRO/1000 Network Connection
[    3.939048] e1000 0000:00:03.0 enp0s3: renamed from eth0
[    3.956565] e1000 0000:00:08.0 enp0s8: renamed from eth1
Begin: Loading essential drivers ... [    5.526898] md: linear personality registered for level -1
[    5.533018] md: multipath personality registered for level -4
[    5.538976] md: raid0 personality registered for level 0
[    5.549834] md: raid1 personality registered for level 1
[    5.622916] raid6: sse2x1   gen() 12222 MB/s
[    5.691160] raid6: sse2x1   xor()  9456 MB/s
[    5.759540] raid6: sse2x2   gen() 14594 MB/s
[    5.831219] raid6: sse2x2   xor()  9585 MB/s
[    5.898894] raid6: sse2x4   gen() 17091 MB/s
[    5.967157] raid6: sse2x4   xor() 10718 MB/s
[    6.035341] raid6: avx2x1   gen() 19507 MB/s
[    6.107028] raid6: avx2x2   gen() 25336 MB/s
[    6.175558] raid6: avx2x4   gen() 31821 MB/s
[    6.178614] raid6: using algorithm avx2x4 gen() 31821 MB/s
[    6.182017] raid6: using avx2x2 recovery algorithm
[    6.187165] xor: automatically using best checksumming function:
[    6.330958]    avx       : 155817.000 MB/sec
[    6.336124] async_tx: api initialized (async)
[    6.361400] md: raid6 personality registered for level 6
[    6.365119] md: raid5 personality registered for level 5
[    6.368542] md: raid4 personality registered for level 4
[    6.384209] md: raid10 personality registered for level 10
done.
Begin: Running /scripts/init-premount ... done.
Begin: Mounting root file system ... Begin: Running /scripts/local-top ... done.
Begin: Running /scripts/local-premount ... [    6.445388] Btrfs loaded
Scanning for Btrfs filesystems
done.
Warning: fsck not present, so skipping root file system
[    6.478942] EXT4-fs (sda1): mounted filesystem with ordered data mode. Opts: (null)
done.
Begin: Running /scripts/local-bottom ... done.
Begin: Running /scripts/init-bottom ... done.
[    6.605597] systemd[1]: systemd 229 running in system mode. (+PAM +AUDIT +SELINUX +IMA +APPARMOR +SMACK +SYSVINIT +UTMP +LIBCRYPTSETUP +GCRYPT +GNUTLS +ACL +XZ -LZ4 +SECCOMP +BLKID +ELFUTILS +KMOD -IDN)
[    6.616355] systemd[1]: Detected virtualization oracle.
[    6.619534] systemd[1]: Detected architecture x86-64.

Welcome to [1mUbuntu 16.04.7 LTS[0m!

[    6.629603] systemd[1]: Set hostname to <ubuntu>.
[    6.636160] systemd[1]: Initializing machine ID from random generator.
[    6.639976] systemd[1]: Installed transient /etc/machine-id file.
[    6.796551] systemd[1]: Set up automount Arbitrary Executable File Formats File System Automount Point.
[[0;32m  OK  [0m] Set up automount Arbitrary Executab...ats File System Automount Point.
[    6.807296] systemd[1]: Listening on fsck to fsckd communication Socket.
[[0;32m  OK  [0m] Listening on fsck to fsckd communication Socket.
[    6.816066] systemd[1]: Listening on Device-mapper event daemon FIFOs.
[[0;32m  OK  [0m] Listening on Device-mapper event daemon FIFOs.
[    6.824181] systemd[1]: Reached target System Time Synchronized.
[[0;32m  OK  [0m] Reached target System Time Synchronized.
[    6.832432] systemd[1]: Started Forward Password Requests to Wall Directory Watch.
[[0;32m  OK  [0m] Started Forward Password Requests to Wall Directory Watch.
[    6.842064] systemd[1]: Created slice User and Session Slice.
[[0;32m  OK  [0m] Created slice User and Session Slice.
[    6.849673] systemd[1]: Listening on Journal Socket.
[[0;32m  OK  [0m] Listening on Journal Socket.
[    6.856489] systemd[1]: Listening on Journal Socket (/dev/log).
[[0;32m  OK  [0m] Listening on Journal Socket (/dev/log).
[    6.864044] systemd[1]: Listening on /dev/initctl Compatibility Named Pipe.
[[0;32m  OK  [0m] Listening on /dev/initctl Compatibility Named Pipe.
[    6.872409] systemd[1]: Listening on udev Kernel Socket.
[[0;32m  OK  [0m] Listening on udev Kernel Socket.
[    6.879739] systemd[1]: Listening on udev Control Socket.
[[0;32m  OK  [0m] Listening on udev Control Socket.
[    6.886655] systemd[1]: Listening on LVM2 metadata daemon socket.
[[0;32m  OK  [0m] Listening on LVM2 metadata daemon socket.
[    6.894250] systemd[1]: Created slice System Slice.
[[0;32m  OK  [0m] Created slice System Slice.
[    6.912427] systemd[1]: Starting Load Kernel Modules...
         Starting Load Kernel Modules...
[    6.923150] systemd[1]: Starting Uncomplicated firewall...
         Starting Uncomplicated firewall...
[    6.930774] systemd[1]: Starting Set console keymap...
         Starting Set console keymap...
[    6.938680] Loading iSCSI transport class v2.0-870.
[    6.941958] systemd[1]: Mounting Debug File System...
         Mounting Debug File System...
[    6.951026] systemd[1]: Created slice system-serial\x2dgetty.slice.
[[0;32m  OK  [0m] Created slice system-serial\x2dgetty.slice.
[    6.960901] systemd[1]: Starting Create list of required static device nodes for the current kernel...
         Starting Create list of required st... nodes for the current kernel...
[    6.972449] systemd[1]: Starting Nameserver information manager...
[    6.979111] iscsi: registered transport (tcp)
         Starting Nameserver information manager...
[    6.985532] systemd[1]: Mounting POSIX Message Queue File System...
         Mounting POSIX Message Queue File System...
[    6.995204] systemd[1]: Starting Monitoring of LVM2 mirrors, snapshots etc. using dmeventd or progress polling...
         Starting Monitoring of LVM2 mirrors... dmeventd or progress polling...
[    7.006661] systemd[1]: Starting File System Check on Root Device...
         Starting File System Check on Root Device...
[    7.019042] systemd[1]: Reached target Encrypted Volumes.
[[0;32m  OK  [0m] Reached target Encrypted Volumes.
[    7.025637] systemd[1]: Reached target Swap.
[[0;32m  OK  [0m] Reached target Swap.
[    7.031554] systemd[1]: Listening on Journal Audit Socket.
[[0;32m  OK  [0m] Listening on Journal Audit Socket.
[    7.042346] systemd[1]: Started Trigger resolvconf update for networkd DNS.
[[0;32m  OK  [0m] Started Trigger resolvconf update for networkd DNS.
[    7.052583] random: nonblocking pool is initialized
[    7.056702] systemd[1]: Listening on LVM2 poll daemon socket.
[[0;32m  OK  [0m] Listening on LVM2 poll daemon socket.
[    7.064157] systemd[1]: Reached target Slices.
[[0;32m  OK  [0m] Reached target Slices.
[    7.073011] systemd[1]: Reached target User and Group Name Lookups.
[[0;32m  OK  [0m] Reached target User and Group Name Lookups.
[    7.095265] systemd[1]: Mounting Huge Pages File System...
         Mounting Huge Pages File System...
[    7.103507] systemd[1]: Listening on Syslog Socket.
[[0;32m  OK  [0m] Listening on Syslog Socket.
[    7.113748] iscsi: registered transport (iser)
[    7.114061] systemd[1]: Starting Journal Service...
         Starting Journal Service...
[    7.127480] systemd[1]: Mounted Huge Pages File System.
[[0;32m  OK  [0m] Mounted Huge Pages File System.
[    7.134705] systemd[1]: Mounted POSIX Message Queue File System.
[[0;32m  OK  [0m] Mounted POSIX Message Queue File System.
[    7.142308] systemd[1]: Mounted Debug File System.
[[0;32m  OK  [0m] Mounted Debug File System.
[    7.149679] systemd[1]: Started Journal Service.
[[0;32m  OK  [0m] Started Journal Service.
[[0;32m  OK  [0m] Started Load Kernel Modules.
[[0;32m  OK  [0m] Started Uncomplicated firewall.
[[0;32m  OK  [0m] Started Set console keymap.
[[0;32m  OK  [0m] Started Create list of required sta...ce nodes for the current kernel.
[[0;32m  OK  [0m] Started File System Check on Root Device.
[[0;32m  OK  [0m] Started Nameserver information manager.
[[0;32m  OK  [0m] Started LVM2 metadata daemon.
[[0;32m  OK  [0m] Started File System Check Daemon to report status.
         Starting Remount Root and Kernel File Systems...
         Starting Create Static Device Nodes in /dev...
         Mounting FUSE Control File System...
[    7.239152] EXT4-fs (sda1): re-mounted. Opts: (null)
         Starting Apply Kernel Variables...
[[0;32m  OK  [0m] Mounted FUSE Control File System.
[[0;32m  OK  [0m] Started Remount Root and Kernel File Systems.
         Starting Load/Save Random Seed...
         Starting udev Coldplug all Devices...
         Starting Flush Journal to Persistent Storage...
[[0;32m  OK  [0m] Started Create Static Device Nodes in /dev.
[[0;32m  OK  [0m] Started Apply Kernel Variables.
[[0;32m  OK  [0m] Started Load/Save Random Seed.
         Starting udev Kernel Device Manager...
[[0;32m  OK  [0m] Started Flush Journal to Persistent Storage.
[[0;32m  OK  [0m] Started udev Kernel Device Manager.
[[0;32m  OK  [0m] Started udev Coldplug all Devices.
[[0;32m  OK  [0m] Started Dispatch Password Requests to Console Directory Watch.
[[0;32m  OK  [0m] Found device /dev/ttyS0.
[[0;32m  OK  [0m] Listening on Load/Save RF Kill Switch Status /dev/rfkill Watch.
[[0;32m  OK  [0m] Started Monitoring of LVM2 mirrors,...ng dmeventd or progress polling.
[[0;32m  OK  [0m] Reached target Local File Systems (Pre).
[[0;32m  OK  [0m] Reached target Local File Systems.
         Starting Initial cloud-init job (pre-networking)...
         Starting Create Volatile Files and Directories...
         Starting Set console font and keymap...
         Starting LSB: AppArmor initialization...
         Starting Commit a transient machine-id on disk...
         Starting Tell Plymouth To Write Out Runtime Data...
[[0;32m  OK  [0m] Started Create Volatile Files and Directories.
         Starting Update UTMP about System Boot/Shutdown...
[[0;32m  OK  [0m] Started Tell Plymouth To Write Out Runtime Data.
[[0;32m  OK  [0m] Started Commit a transient machine-id on disk.
[[0;32m  OK  [0m] Started Update UTMP about System Boot/Shutdown.
[    7.930089] cloud-init[594]: Cloud-init v. 21.1-19-gbad84ad4-0ubuntu1~16.04.2 running 'init-local' at Thu, 27 Apr 2023 22:38:08 +0000. Up 7.46 seconds.
[[0;32m  OK  [0m] Started Initial cloud-init job (pre-networking).
[[0;32m  OK  [0m] Reached target Network (Pre).
[[0;32m  OK  [0m] Started Set console font and keymap.
[[0;32m  OK  [0m] Created slice system-getty.slice.
[[0;32m  OK  [0m] Started LSB: AppArmor initialization.
         Starting Load AppArmor profiles managed internally by snapd...
         Starting Raise network interfaces...
[[0;32m  OK  [0m] Started Load AppArmor profiles managed internally by snapd.
[[0;32m  OK  [0m] Started Raise network interfaces.
         Starting Initial cloud-init job (metadata service crawler)...
[[0;32m  OK  [0m] Reached target Network.
[    9.729345] cloud-init[957]: Cloud-init v. 21.1-19-gbad84ad4-0ubuntu1~16.04.2 running 'init' at Thu, 27 Apr 2023 22:38:10 +0000. Up 9.19 seconds.
[    9.734958] cloud-init[957]: ci-info: ++++++++++++++++++++++++++++++++++++++Net device info+++++++++++++++++++++++++++++++++++++++
[    9.740438] cloud-init[957]: ci-info: +--------+-------+----------------------------+---------------+--------+-------------------+
[    9.745975] cloud-init[957]: ci-info: | Device |   Up  |          Address           |      Mask     | Scope  |     Hw-Address    |
[    9.751616] cloud-init[957]: ci-info: +--------+-------+----------------------------+---------------+--------+-------------------+
[    9.757125] cloud-init[957]: ci-info: | enp0s3 |  True |         10.0.2.15          | 255.255.255.0 | global | 02:be:82:6b:cc:1d |
[    9.762690] cloud-init[957]: ci-info: | enp0s3 |  True | fe80::be:82ff:fe6b:cc1d/64 |       .       |  link  | 02:be:82:6b:cc:1d |
[    9.768227] cloud-init[957]: ci-info: | enp0s8 | False |             .              |       .       |   .    | 08:00:27:17:b9:97 |
[    9.773719] cloud-init[957]: ci-info: |   lo   |  True |         127.0.0.1          |   255.0.0.0   |  host  |         .         |
[    9.781264] cloud-init[957]: ci-info: |   lo   |  True |          ::1/128           |       .       |  host  |         .         |
[    9.782289] cloud-init[957]: ci-info: +--------+-------+----------------------------+---------------+--------+-------------------+
[    9.782618] cloud-init[957]: ci-info: +++++++++++++++++++++++++++Route IPv4 info++++++++++++++++++++++++++++
[    9.782951] cloud-init[957]: ci-info: +-------+-------------+----------+---------------+-----------+-------+
[    9.783262] cloud-init[957]: ci-info: | Route | Destination | Gateway  |    Genmask    | Interface | Flags |
[    9.783591] cloud-init[957]: ci-info: +-------+-------------+----------+---------------+-----------+-------+
[    9.783920] cloud-init[957]: ci-info: |   0   |   0.0.0.0   | 10.0.2.2 |    0.0.0.0    |   enp0s3  |   UG  |
[    9.784229] cloud-init[957]: ci-info: |   1   |   10.0.2.0  | 0.0.0.0  | 255.255.255.0 |   enp0s3  |   U   |
[    9.784554] cloud-init[957]: ci-info: +-------+-------------+----------+---------------+-----------+-------+
[    9.784862] cloud-init[957]: ci-info: +++++++++++++++++++Route IPv6 info+++++++++++++++++++
[    9.785187] cloud-init[957]: ci-info: +-------+-------------+---------+-----------+-------+
[    9.785510] cloud-init[957]: ci-info: | Route | Destination | Gateway | Interface | Flags |
[    9.785842] cloud-init[957]: ci-info: +-------+-------------+---------+-----------+-------+
[    9.786159] cloud-init[957]: ci-info: |   0   |  fe80::/64  |    ::   |   enp0s3  |   U   |
[    9.786499] cloud-init[957]: ci-info: |   3   |   ff00::/8  |    ::   |   enp0s3  |   U   |
[    9.786804] cloud-init[957]: ci-info: +-------+-------------+---------+-----------+-------+
[    9.787137] cloud-init[957]: Generating public/private rsa key pair.
[    9.787447] cloud-init[957]: Your identification has been saved in /etc/ssh/ssh_host_rsa_key.
[    9.787753] cloud-init[957]: Your public key has been saved in /etc/ssh/ssh_host_rsa_key.pub.
[    9.788090] cloud-init[957]: The key fingerprint is:
[    9.788414] cloud-init[957]: SHA256:V5S/a6mq1sDj+JVeud4Pts5OXC+4T6hedZb+FPVvfqg root@ubuntu-xenial
[    9.788729] cloud-init[957]: The key's randomart image is:
[    9.789039] cloud-init[957]: +---[RSA 2048]----+
[    9.789372] cloud-init[957]: |            ..   |
[    9.789697] cloud-init[957]: |           ..    |
[    9.790013] cloud-init[957]: |            ..  .|
[    9.790336] cloud-init[957]: |           .  . +|
[    9.790657] cloud-init[957]: |       .S .   .+=|
[    9.791002] cloud-init[957]: |        +. . *o++|
[    9.791402] cloud-init[957]: |       o +o * B==|
[    9.791631] cloud-init[957]: |      . oo.+ O=Bo|
[    9.791950] cloud-init[957]: |       ooo=oEBB.=|
[    9.792269] cloud-init[957]: +----[SHA256]-----+
[    9.792586] cloud-init[957]: Generating public/private dsa key pair.
[    9.792908] cloud-init[957]: Your identification has been saved in /etc/ssh/ssh_host_dsa_key.
[    9.793227] cloud-init[957]: Your public key has been saved in /etc/ssh/ssh_host_dsa_key.pub.
[    9.793574] cloud-init[957]: The key fingerprint is:
[    9.793880] cloud-init[957]: SHA256:NgJFu+wccP7mM2+Tv8E8721KyKvbYgAtucqnXYjTGz4 root@ubuntu-xenial
[    9.794200] cloud-init[957]: The key's randomart image is:
[    9.794511] cloud-init[957]: +---[DSA 1024]----+
[    9.794844] cloud-init[957]: |     .o          |
[    9.795164] cloud-init[957]: |     . .         |
[    9.795486] cloud-init[957]: |    o oo         |
[    9.795800] cloud-init[957]: |     *+..        |
[    9.796118] cloud-init[957]: |      *+S        |
[    9.796438] cloud-init[957]: |     =.*.. + .   |
[    9.796757] cloud-init[957]: |   .o.* +. .B .  |
[    9.797074] cloud-init[957]: |    o+E*o *. * ..|
[    9.797393] cloud-init[957]: |    .o+..*+*=o+o.|
[    9.797713] cloud-init[957]: +----[SHA256]-----+
[    9.798042] cloud-init[957]: Generating public/private ecdsa key pair.
[    9.798361] cloud-init[957]: Your identification has been saved in /etc/ssh/ssh_host_ecdsa_key.
[    9.798682] cloud-init[957]: Your public key has been saved in /etc/ssh/ssh_host_ecdsa_key.pub.
[    9.798998] cloud-init[957]: The key fingerprint is:
[    9.799314] cloud-init[957]: SHA256:XP1p8BfH9TrQX6sh0R4lmpwOuLNSK2Dd0d6ieFnMmls root@ubuntu-xenial
[    9.799637] cloud-init[957]: The key's randomart image is:
[    9.799954] cloud-init[957]: +---[ECDSA 256]---+
[    9.800280] cloud-init[957]: |             . ..|
[    9.800599] cloud-init[957]: |        o ..=.o.o|
[    9.800919] cloud-init[957]: |       o o.*+o..=|
[    9.801239] cloud-init[957]: |    . ..*.+ o=.+=|
[    9.801558] cloud-init[957]: |   o . =S* + oB.o|
[    9.801876] cloud-init[957]: |  . . o X . ..oo |
[    9.802194] cloud-init[957]: |     + O E   .   |
[    9.802551] cloud-init[957]: |      + o        |
[    9.802853] cloud-init[957]: |       .         |
[    9.803172] cloud-init[957]: +----[SHA256]-----+
[    9.803492] cloud-init[957]: Generating public/private ed25519 key pair.
[    9.803813] cloud-init[957]: Your identification has been saved in /etc/ssh/ssh_host_ed25519_key.
[    9.804130] cloud-init[957]: Your public key has been saved in /etc/ssh/ssh_host_ed25519_key.pub.
[    9.880566] cloud-init[957]: The key fingerprint is:
[    9.880789] cloud-init[957]: SHA256:WGmyIG9p3dofkvaDw1FQ3NBcAgfQO9xX2KkBsWnMEu0 root@ubuntu-xenial
[    9.881091] cloud-init[957]: The key's randomart image is:
[    9.881412] cloud-init[957]: +--[ED25519 256]--+
[    9.881728] cloud-init[957]: |        .**X=..o.|
[    9.882056] cloud-init[957]: |        ..*o*o..o|
[    9.882612] cloud-init[957]: |  . . . ++.O  o. |
[    9.883037] cloud-init[957]: |   o + B  BE...  |
[    9.883357] cloud-init[957]: |    = + S. . .   |
[    9.883680] cloud-init[957]: |   o   o..       |
[    9.884002] cloud-init[957]: |      ..=o.      |
[    9.884326] cloud-init[957]: |       .++..     |
[    9.884645] cloud-init[957]: |         .o.     |
[    9.884968] cloud-init[957]: +----[SHA256]-----+
[[0;32m  OK  [0m] Started Initial cloud-init job (metadata service crawler).
[[0;32m  OK  [0m] Reached target System Initialization.
[[0;32m  OK  [0m] Started ACPI Events Check.
[[0;32m  OK  [0m] Reached target Paths.
[[0;32m  OK  [0m] Started Daily apt download activities.
[[0;32m  OK  [0m] Listening on ACPID Listen Socket.
[[0;32m  OK  [0m] Listening on UUID daemon activation socket.
[[0;32m  OK  [0m] Started Message of the Day.
[[0;32m  OK  [0m] Listening on D-Bus System Message Bus Socket.
         Starting LXD - unix socket.
[[0;32m  OK  [0m] Started Daily Cleanup of Temporary Directories.
[[0;32m  OK  [0m] Started Ubuntu Advantage update messaging.
[[0;32m  OK  [0m] Started Daily apt upgrade and clean activities.
[[0;32m  OK  [0m] Reached target Timers.
         Starting Socket activation for snappy daemon.
[[0;32m  OK  [0m] Reached target Network is Online.
         Starting iSCSI initiator daemon (iscsid)...
[[0;32m  OK  [0m] Reached target Cloud-config availability.
[[0;32m  OK  [0m] Listening on LXD - unix socket.
[[0;32m  OK  [0m] Listening on Socket activation for snappy daemon.
[[0;32m  OK  [0m] Reached target Sockets.
[[0;32m  OK  [0m] Reached target Basic System.
         Starting /etc/rc.local Compatibility...
         Starting LXD - container startup/shutdown...
[[0;32m  OK  [0m] Started FUSE filesystem for LXC.
[[0;32m  OK  [0m] Started D-Bus System Message Bus.
         Starting LSB: Record successful boot for GRUB...
[[0;32m  OK  [0m] Started Deferred execution scheduler.
         Starting Accounts Service...
         Starting Virtualbox guest utils...
         Starting System Logging Service...
         Starting LSB: MD monitoring daemon...
[[0;32m  OK  [0m] Started Regular background program processing daemon.
[[0;32m  OK  [0m] Started ACPI event daemon.
         Starting Snap Daemon...
         Starting Pollinate to seed the pseudo random number generator...
         Starting Login Service...
[[0;32m  OK  [0m] Started System Logging Service.
[[0;32m  OK  [0m] Started iSCSI initiator daemon (iscsid).
[[0;32m  OK  [0m] Started /etc/rc.local Compatibility.
         Starting Login to default iSCSI targets...
[[0;32m  OK  [0m] Started LXD - container startup/shutdown.
[[0;32m  OK  [0m] Started Login Service.
[[0;32m  OK  [0m] Started LSB: Record successful boot for GRUB.
         Starting Authenticate and Authorize Users to Run Privileged Tasks...
[[0;32m  OK  [0m] Started Unattended Upgrades Shutdown.
[[0;32m  OK  [0m] Started LSB: MD monitoring daemon.
[[0;32m  OK  [0m] Started Login to default iSCSI targets.
[[0;32m  OK  [0m] Reached target Remote File Systems (Pre).
[[0;32m  OK  [0m] Reached target Remote File Systems.
         Starting Permit User Sessions...
         Starting LSB: automatic crash report generation...
         Starting LSB: Set the CPU Frequency Scaling governor to "ondemand"...
         Starting LSB: daemon to balance interrupts for SMP systems...
[[0;32m  OK  [0m] Started Permit User Sessions.
         Starting Hold until boot process finishes up...
         Starting Terminate Plymouth Boot Screen...
[[0;32m  OK  [0m] Started Hold until boot process finishes up.
         Starting Set console scheme...
[[0;32m  OK  [0m] Started Getty on tty1.
[[0;32m  OK  [0m] Started Serial Getty on ttyS0.
[[0;32m  OK  [0m] Reached target Login Prompts.
[[0;32m  OK  [0m] Started Set console scheme.
[[0;32m  OK  [0m] Started Terminate Plymouth Boot Screen.
[[0;32m  OK  [0m] Started Authenticate and Authorize Users to Run Privileged Tasks.
[[0;32m  OK  [0m] Started Accounts Service.
[[0;32m  OK  [0m] Started LSB: Set the CPU Frequency Scaling governor to "ondemand".
[[0;32m  OK  [0m] Started LSB: daemon to balance interrupts for SMP systems.
[[0;32m  OK  [0m] Started LSB: automatic crash report generation.
[[0;32m  OK  [0m] Started Virtualbox guest utils.
[[0;32m  OK  [0m] Started Snap Daemon.
         Starting Wait until snapd is fully seeded...
[[0;32m  OK  [0m] Started Pollinate to seed the pseudo random number generator.
         Starting OpenBSD Secure Shell server...
[[0;32m  OK  [0m] Started OpenBSD Secure Shell server.
[[0;32m  OK  [0m] Created slice User Slice of vagrant.
         Starting User Manager for UID 1000...
[[0;32m  OK  [0m] Started Session 1 of user vagrant.
[[0;32m  OK  [0m] Started User Manager for UID 1000.
[[0;32m  OK  [0m] Started Wait until snapd is fully seeded.
[[0;32m  OK  [0m] Reached target Multi-User System.
[[0;32m  OK  [0m] Reached target Graphical Interface.
         Starting Update UTMP about System Runlevel Changes...
         Starting Apply the settings specified in cloud-config...
[[0;32m  OK  [0m] Started Update UTMP about System Runlevel Changes.
         Stopping User Manager for UID 1000...
[[0;32m  OK  [0m] Stopped User Manager for UID 1000.
[[0;32m  OK  [0m] Removed slice User Slice of vagrant.
[[0;32m  OK  [0m] Created slice User Slice of vagrant.
         Starting User Manager for UID 1000...
[[0;32m  OK  [0m] Started Session 2 of user vagrant.
[[0;32m  OK  [0m] Started User Manager for UID 1000.
[   13.619142] cloud-init[1534]: Generating locales (this might take a while)...
[   14.507126] cloud-init[1534]:   en_US.UTF-8... done
[   14.510167] cloud-init[1534]: Generation complete.
[   14.886457] cloud-init[1534]: Cloud-init v. 21.1-19-gbad84ad4-0ubuntu1~16.04.2 running 'modules:config' at Thu, 27 Apr 2023 22:38:14 +0000. Up 13.52 seconds.
         Stopping Virtualbox guest utils...
[[0;32m  OK  [0m] Started Apply the settings specified in cloud-config.
         Starting Execute cloud user/final scripts...
[[0;32m  OK  [0m] Stopped Virtualbox guest utils.
ci-info: no authorized SSH keys fingerprints found for user ubuntu.
<14>Apr 27 22:38:16 ec2: 
<14>Apr 27 22:38:16 ec2: #############################################################
<14>Apr 27 22:38:16 ec2: -----BEGIN SSH HOST KEY FINGERPRINTS-----
<14>Apr 27 22:38:16 ec2: 1024 SHA256:NgJFu+wccP7mM2+Tv8E8721KyKvbYgAtucqnXYjTGz4 root@ubuntu-xenial (DSA)
<14>Apr 27 22:38:16 ec2: 256 SHA256:XP1p8BfH9TrQX6sh0R4lmpwOuLNSK2Dd0d6ieFnMmls root@ubuntu-xenial (ECDSA)
<14>Apr 27 22:38:16 ec2: 256 SHA256:WGmyIG9p3dofkvaDw1FQ3NBcAgfQO9xX2KkBsWnMEu0 root@ubuntu-xenial (ED25519)
<14>Apr 27 22:38:16 ec2: 2048 SHA256:V5S/a6mq1sDj+JVeud4Pts5OXC+4T6hedZb+FPVvfqg root@ubuntu-xenial (RSA)
<14>Apr 27 22:38:16 ec2: -----END SSH HOST KEY FINGERPRINTS-----
<14>Apr 27 22:38:16 ec2: #############################################################
-----BEGIN SSH HOST KEY KEYS-----
ecdsa-sha2-nistp256 AAAAE2VjZHNhLXNoYTItbmlzdHAyNTYAAAAIbmlzdHAyNTYAAABBBE3nFl0mLAz1rl7adTknFxHlLd4RgxkveMeTEwGiCDKq9Z+KBgIAjq9UUv4AJMen2cAoWz6SsPn5D5GRCYFouX0= root@ubuntu-xenial
ssh-ed25519 AAAAC3NzaC1lZDI1NTE5AAAAIGfP81FPnzV0GiJRGiHSgSXjxiPasOSIEtUOuI0XkOPS root@ubuntu-xenial
ssh-rsa AAAAB3NzaC1yc2EAAAADAQABAAABAQC6s/rNg+QRXEZvYND7XA5kLNMJEJbdO3s6kdSBd47W/3e8MOHhqn6wKCsNAkx8pqUpJArtGsIq0HZroRY2lhyqnmG71DWUfvIojmCL4FKn6TtvEGpjX0yeluNyW4g4l040V7Y4CQjL1SjMZMCo7Z65el7asdyjpHjGsZCBvrTHQkv9EmURcA2ENmA0A0XaloNPYDub4EaowXXqJA7KsAAXDFs1seDrAjKdkxUGWHcF1dqwzmymNgB+9SetvBVH6oKnoyhGhqXFJlBb9KbY5uyaa13w9HksWbVHUoC6dPLFIWYucKY/1yGsAEuxEYS3f482TtFaFrL6zgaNz51MMRdh root@ubuntu-xenial
-----END SSH HOST KEY KEYS-----
[   15.430414] cloud-init[1773]: Cloud-init v. 21.1-19-gbad84ad4-0ubuntu1~16.04.2 running 'modules:final' at Thu, 27 Apr 2023 22:38:16 +0000. Up 15.21 seconds.
[   15.437609] cloud-init[1773]: ci-info: no authorized SSH keys fingerprints found for user ubuntu.
[   15.451050] cloud-init[1773]: Cloud-init v. 21.1-19-gbad84ad4-0ubuntu1~16.04.2 finished at Thu, 27 Apr 2023 22:38:16 +0000. Datasource DataSourceNoCloud [seed=/dev/sdb][dsmode=net].  Up 15.39 seconds

Ubuntu 16.04.7 LTS ubuntu-xenial ttyS0

ubuntu-xenial login: [[0;32m  OK  [0m] Stopped target Graphical Interface.
         Stopping Accounts Service...
         Stopping ACPI event daemon...
         Stopping Authenticate and Authorize Users to Run Privileged Tasks...
[[0;32m  OK  [0m] Closed Load/Save RF Kill Switch Status /dev/rfkill Watch.
         Stopping User Manager for UID 1000...
         Stopping Session 8 of user vagrant.
[[0;32m  OK  [0m] Stopped target Timers.
[[0;32m  OK  [0m] Stopped Daily Cleanup of Temporary Directories.
[[0;32m  OK  [0m] Stopped Daily apt upgrade and clean activities.
[[0;32m  OK  [0m] Stopped Daily apt download activities.
[[0;32m  OK  [0m] Stopped Message of the Day.
[[0;32m  OK  [0m] Stopped Ubuntu Advantage update messaging.
[[0;32m  OK  [0m] Stopped target System Time Synchronized.
[[0;32m  OK  [0m] Stopped target Cloud-init target.
[[0;32m  OK  [0m] Stopped Execute cloud user/final scripts.
[[0;32m  OK  [0m] Stopped Apply the settings specified in cloud-config.
[[0;32m  OK  [0m] Stopped target Cloud-config availability.
[[0;32m  OK  [0m] Stopped target Multi-User System.
         Stopping LSB: MD monitoring daemon...
         Stopping FUSE filesystem for LXC...
         Stopping System Logging Service...
         Stopping LSB: daemon to balance interrupts for SMP systems...
         Stopping vboxadd-service.service...
         Stopping A high performance web server and a reverse proxy server...
[[0;32m  OK  [0m] Stopped target Login Prompts.
         Stopping Getty on tty1...
         Stopping Serial Getty on ttyS0...
         Stopping Regular background program processing daemon...
         Stopping D-Bus System Message Bus...
         Stopping LSB: Record successful boot for GRUB...
         Stopping LXD - container startup/shutdown...
[[0;32m  OK  [0m] Stopped Wait until snapd is fully seeded.
         Stopping LSB: automatic crash report generation...
         Stopping OpenBSD Secure Shell server...
         Stopping LSB: Set the CPU Frequency Scaling governor to "ondemand"...
         Stopping Deferred execution scheduler...
[[0;32m  OK  [0m] Stopped Deferred execution scheduler.
[[0;32m  OK  [0m] Stopped Accounts Service.
[[0;32m  OK  [0m] Stopped Regular background program processing daemon.
[[0;32m  OK  [0m] Stopped System Logging Service.
[[0;32m  OK  [0m] Stopped Authenticate and Authorize Users to Run Privileged Tasks.
[[0;32m  OK  [0m] Stopped Getty on tty1.
[[0;32m  OK  [0m] Stopped Serial Getty on ttyS0.
[[0;32m  OK  [0m] Stopped OpenBSD Secure Shell server.
[[0;32m  OK  [0m] Stopped ACPI event daemon.
[[0;32m  OK  [0m] Stopped User Manager for UID 1000.
[[0;32m  OK  [0m] Stopped Session 8 of user vagrant.
[[0;32m  OK  [0m] Stopped A high performance web server and a reverse proxy server.
[[0;32m  OK  [0m] Stopped D-Bus System Message Bus.
[[0;32m  OK  [0m] Stopped FUSE filesystem for LXC.
[[0;32m  OK  [0m] Unmounted /var/lib/lxcfs.
[[0;32m  OK  [0m] Stopped vboxadd-service.service.
[[0;32m  OK  [0m] Stopped LXD - container startup/shutdown.
[[0;32m  OK  [0m] Stopped LSB: MD monitoring daemon.
[[0;32m  OK  [0m] Stopped LSB: Record successful boot for GRUB.
[[0;32m  OK  [0m] Stopped LSB: daemon to balance interrupts for SMP systems.
[[0;32m  OK  [0m] Stopped LSB: automatic crash report generation.
[[0;32m  OK  [0m] Stopped LSB: Set the CPU Frequency Scaling governor to "ondemand".
         Stopping vboxadd.service...
[[0;32m  OK  [0m] Removed slice User Slice of vagrant.
         Stopping Login Service...
[[0;32m  OK  [0m] Removed slice system-serial\x2dgetty.slice.
[[0;32m  OK  [0m] Removed slice system-getty.slice.
[[0;32m  OK  [0m] Stopped /etc/rc.local Compatibility.
         Stopping Permit User Sessions...
[[0;32m  OK  [0m] Stopped Permit User Sessions.
[[0;32m  OK  [0m] Stopped target Remote File Systems.
         Unmounting /vagrant...
[[0;32m  OK  [0m] Unmounted /vagrant.
[[0;32m  OK  [0m] Stopped target Remote File Systems (Pre).
         Stopping Login to default iSCSI targets...
[[0;32m  OK  [0m] Stopped vboxadd.service.
[[0;32m  OK  [0m] Stopped Login Service.
[[0;32m  OK  [0m] Stopped target User and Group Name Lookups.
[[0;32m  OK  [0m] Stopped target Basic System.
[[0;32m  OK  [0m] Stopped target Paths.
[[0;32m  OK  [0m] Stopped Forward Password Requests to Wall Directory Watch.
[[0;32m  OK  [0m] Stopped ACPI Events Check.
[[0;32m  OK  [0m] Stopped Dispatch Password Requests to Console Directory Watch.
[[0;32m  OK  [0m] Stopped target Sockets.
[[0;32m  OK  [0m] Closed Syslog Socket.
[[0;32m  OK  [0m] Closed ACPID Listen Socket.
[[0;32m  OK  [0m] Closed D-Bus System Message Bus Socket.
[[0;32m  OK  [0m] Closed LXD - unix socket.
[[0;32m  OK  [0m] Closed UUID daemon activation socket.
[[0;32m  OK  [0m] Closed Socket activation for snappy daemon.
[[0;32m  OK  [0m] Stopped target System Initialization.
[[0;32m  OK  [0m] Stopped target Swap.
[[0;32m  OK  [0m] Stopped target Encrypted Volumes.
         Stopping Load/Save Random Seed...
[[0;32m  OK  [0m] Stopped Create Volatile Files and Directories.
[[0;32m  OK  [0m] Stopped Commit a transient machine-id on disk.
[[0;32m  OK  [0m] Stopped target Slices.
[[0;32m  OK  [0m] Removed slice User and Session Slice.
[[0;32m  OK  [0m] Stopped Load/Save Random Seed.
[[0;32m  OK  [0m] Stopped Login to default iSCSI targets.
         Stopping iSCSI initiator daemon (iscsid)...
[[0;32m  OK  [0m] Stopped iSCSI initiator daemon (iscsid).
[[0;32m  OK  [0m] Stopped target Network is Online.
[[0;32m  OK  [0m] Stopped target Network.
[[0;32m  OK  [0m] Stopped Initial cloud-init job (metadata service crawler).
         Stopping Raise network interfaces...
[[0;32m  OK  [0m] Stopped Raise network interfaces.
[[0;32m  OK  [0m] Stopped target Network (Pre).
[[0;32m  OK  [0m] Stopped Initial cloud-init job (pre-networking).
[[0;32m  OK  [0m] Stopped target Local File Systems.
         Unmounting /run/user/1000...
[[0;32m  OK  [0m] Stopped Apply Kernel Variables.
[[0;32m  OK  [0m] Stopped Load Kernel Modules.
[[0;32m  OK  [0m] Unmounted /run/user/1000.
[[0;32m  OK  [0m] Reached target Unmount All Filesystems.
[[0;32m  OK  [0m] Stopped target Local File Systems (Pre).
[[0;32m  OK  [0m] Stopped Remount Root and Kernel File Systems.
         Stopping Monitoring of LVM2 mirrors... dmeventd or progress polling...
[[0;32m  OK  [0m] Stopped Create Static Device Nodes in /dev.
[[0;32m  OK  [0m] Reached target Shutdown.
[16688.550290] reboot: Power down
